This is pdfTeX, Version 3.1415926-1.40.10 (MiKTeX 2.8) (preloaded format=temp_previewtexts 2010.6.19)  23 SEP 2010 23:17
entering extended mode
**temp_previewtexts.tex

("C:\Users\thomas\Documents\Visual Studio 2010\Projects\GraphToTIKZ\graph2tikz\
GraphToTIKZ\bin\Debug\temp_previewtexts.tex"
LaTeX2e <2009/09/24>
Babel <v3.8l> and hyphenation patterns for english, dumylang, nohyphenation, ge
rman, ngerman, german-x-2009-06-19, ngerman-x-2009-06-19, french, loaded.

("C:\Users\thomas\Documents\Visual Studio 2010\Projects\GraphToTIKZ\graph2tikz\
GraphToTIKZ\bin\Debug\temp_previewtexts.aux")
LaTeX Font Info:    Checking defaults for OML/cmm/m/it on input line 2.
LaTeX Font Info:    ... okay on input line 2.
LaTeX Font Info:    Checking defaults for T1/cmr/m/n on input line 2.
LaTeX Font Info:    ... okay on input line 2.
LaTeX Font Info:    Checking defaults for OT1/cmr/m/n on input line 2.
LaTeX Font Info:    ... okay on input line 2.
LaTeX Font Info:    Checking defaults for OMS/cmsy/m/n on input line 2.
LaTeX Font Info:    ... okay on input line 2.
LaTeX Font Info:    Checking defaults for OMX/cmex/m/n on input line 2.
LaTeX Font Info:    ... okay on input line 2.
LaTeX Font Info:    Checking defaults for U/cmr/m/n on input line 2.
LaTeX Font Info:    ... okay on input line 2.
[1] [2] [3]
LaTeX Font Info:    Try loading font information for U+msa on input line 12.
("C:\Program Files\MiKTeX 2.8\tex\latex\amsfonts\umsa.fd"
File: umsa.fd 2009/06/22 v3.00 AMS symbols A
)
LaTeX Font Info:    Try loading font information for U+msb on input line 12.
("C:\Program Files\MiKTeX 2.8\tex\latex\amsfonts\umsb.fd"
File: umsb.fd 2009/06/22 v3.00 AMS symbols B
) [4] [5] [6]
("C:\Users\thomas\Documents\Visual Studio 2010\Projects\GraphToTIKZ\graph2tikz\
GraphToTIKZ\bin\Debug\temp_previewtexts.aux") ) 
Here is how much of TeX's memory you used:
 56 strings out of 493881
 1548 string characters out of 3163603
 60708 words of memory out of 3000000
 4675 multiletter control sequences out of 15000+200000
 8096 words of font info for 31 fonts, out of 3000000 for 9000
 14 hyphenation exceptions out of 8191
 18i,5n,12p,106b,110s stack positions out of 5000i,500n,10000p,200000b,50000s

Output written on temp_previewtexts.dvi (6 pages, 1176 bytes).
